{
  "stats": {
    "suites": 49,
    "tests": 107,
    "passes": 107,
    "pending": 0,
    "failures": 0,
    "start": "2015-06-14T03:19:45.224Z",
    "end": "2015-06-14T03:19:48.930Z"
  },
  "coverage": {
    "total": {
      "statementsTotal": 353,
      "statementsCovered": 279,
      "percentage": 79.04
    },
    "files": [
      {
        "name": "ember-jsonapi-resources/adapters/application",
        "statementsTotal": 99,
        "statementsCovered": 90,
        "percentage": 90.91
      },
      {
        "name": "ember-jsonapi-resources/models/resource",
        "statementsTotal": 146,
        "statementsCovered": 106,
        "percentage": 72.6
      },
      {
        "name": "ember-jsonapi-resources/initializers/store",
        "statementsTotal": 9,
        "statementsCovered": 9,
        "percentage": 100
      },
      {
        "name": "ember-jsonapi-resources/services/store",
        "statementsTotal": 19,
        "statementsCovered": 18,
        "percentage": 94.74
      },
      {
        "name": "ember-jsonapi-resources/mixins/service-cache",
        "statementsTotal": 45,
        "statementsCovered": 24,
        "percentage": 53.33
      },
      {
        "name": "ember-jsonapi-resources/serializers/application",
        "statementsTotal": 35,
        "statementsCovered": 32,
        "percentage": 91.43
      }
    ]
  }
}