{
  "stats": {
    "suites": 49,
    "tests": 107,
    "passes": 107,
    "pending": 0,
    "failures": 0,
    "start": "2015-06-11T08:35:21.477Z",
    "end": "2015-06-11T08:35:25.196Z"
  },
  "coverage": {
    "total": {
      "statementsTotal": 343,
      "statementsCovered": 269,
      "percentage": 78.43
    },
    "files": [
      {
        "name": "ember-jsonapi-resources/adapters/application",
        "statementsTotal": 99,
        "statementsCovered": 90,
        "percentage": 90.91
      },
      {
        "name": "ember-jsonapi-resources/models/resource",
        "statementsTotal": 136,
        "statementsCovered": 96,
        "percentage": 70.59
      },
      {
        "name": "ember-jsonapi-resources/initializers/store",
        "statementsTotal": 9,
        "statementsCovered": 9,
        "percentage": 100
      },
      {
        "name": "ember-jsonapi-resources/services/store",
        "statementsTotal": 19,
        "statementsCovered": 18,
        "percentage": 94.74
      },
      {
        "name": "ember-jsonapi-resources/mixins/service-cache",
        "statementsTotal": 45,
        "statementsCovered": 24,
        "percentage": 53.33
      },
      {
        "name": "ember-jsonapi-resources/serializers/application",
        "statementsTotal": 35,
        "statementsCovered": 32,
        "percentage": 91.43
      }
    ]
  }
}